[ 2018-12-04T10:21:10+08:00 ] 192.168.220.1 /ITnet/index.php
INFO: [ app_init ] --START--
INFO: Run Behavior\BuildLiteBehavior [ RunTime:0.000008s ]
INFO: [ app_init ] --END-- [ RunTime:0.000556s ]
INFO: [ app_begin ] --START--
INFO: Run Behavior\ReadHtmlCacheBehavior [ RunTime:0.000635s ]
INFO: [ app_begin ] --END-- [ RunTime:0.000649s ]
INFO: [ view_parse ] --START--
INFO: [ template_filter ] --START--
INFO: Run Behavior\ContentReplaceBehavior [ RunTime:0.000042s ]
INFO: [ template_filter ] --END-- [ RunTime:0.000059s ]
INFO: Run Behavior\ParseTemplateBehavior [ RunTime:0.006953s ]
INFO: [ view_parse ] --END-- [ RunTime:0.006964s ]
INFO: [ view_filter ] --START--
INFO: Run Behavior\WriteHtmlCacheBehavior [ RunTime:0.000449s ]
INFO: [ view_filter ] --END-- [ RunTime:0.000460s ]
INFO: [ app_end ] --START--
INFO: Run Behavior\ShowPageTraceBehavior [ RunTime:0.001786s ]
INFO: [ app_end ] --END-- [ RunTime:0.001924s ]

[ 2018-12-04T10:21:10+08:00 ] 192.168.220.1 /ITnet/index.php/Home/Index/index_show?lang=cn
INFO: [ app_init ] --START--
INFO: Run Behavior\BuildLiteBehavior [ RunTime:0.000012s ]
INFO: [ app_init ] --END-- [ RunTime:0.000076s ]
INFO: [ app_begin ] --START--
INFO: Run Behavior\ReadHtmlCacheBehavior [ RunTime:0.000022s ]
INFO: [ app_begin ] --END-- [ RunTime:0.000038s ]
SQL: SHOW COLUMNS FROM `itnet_video` [ RunTime:0.0076s ]
NOTIC: [8] Only variables should be passed by reference /var/www/html/ITnet/ThinkPHP/Library/Think/Db/Driver.class.php 第 769 行.
SQL: SELECT * FROM `itnet_video` WHERE ( cateid=60 ) ORDER BY `order_number`,`state` desc  [ RunTime:0.0038s ]
NOTIC: [8] Only variables should be passed by reference /var/www/html/ITnet/ThinkPHP/Library/Think/Db/Driver.class.php 第 769 行.
SQL: SELECT * FROM `itnet_video` WHERE ( cateid=61 ) ORDER BY `order_number`,`state` desc  [ RunTime:0.0005s ]
INFO: [ view_parse ] --START--
INFO: [ template_filter ] --START--
INFO: Run Behavior\ContentReplaceBehavior [ RunTime:0.000044s ]
INFO: [ template_filter ] --END-- [ RunTime:0.000065s ]
INFO: Run Behavior\ParseTemplateBehavior [ RunTime:0.004511s ]
INFO: [ view_parse ] --END-- [ RunTime:0.004527s ]
INFO: [ view_filter ] --START--
INFO: Run Behavior\WriteHtmlCacheBehavior [ RunTime:0.000017s ]
INFO: [ view_filter ] --END-- [ RunTime:0.000022s ]
INFO: [ app_end ] --START--
INFO: Run Behavior\ShowPageTraceBehavior [ RunTime:0.000024s ]
INFO: [ app_end ] --END-- [ RunTime:0.000044s ]

[ 2018-12-04T10:21:12+08:00 ] 192.168.220.1 /ITnet/index.php/Home/Index/index_show?lang=cn
INFO: [ app_init ] --START--
INFO: Run Behavior\BuildLiteBehavior [ RunTime:0.000007s ]
INFO: [ app_init ] --END-- [ RunTime:0.000035s ]
INFO: [ app_begin ] --START--
INFO: Run Behavior\ReadHtmlCacheBehavior [ RunTime:0.000016s ]
INFO: [ app_begin ] --END-- [ RunTime:0.000027s ]
SQL: SHOW COLUMNS FROM `itnet_video` [ RunTime:0.0071s ]
NOTIC: [8] Only variables should be passed by reference /var/www/html/ITnet/ThinkPHP/Library/Think/Db/Driver.class.php 第 769 行.
SQL: SELECT * FROM `itnet_video` WHERE ( cateid=60 ) ORDER BY `order_number`,`state` desc  [ RunTime:0.0003s ]
NOTIC: [8] Only variables should be passed by reference /var/www/html/ITnet/ThinkPHP/Library/Think/Db/Driver.class.php 第 769 行.
SQL: SELECT * FROM `itnet_video` WHERE ( cateid=61 ) ORDER BY `order_number`,`state` desc  [ RunTime:0.0002s ]
INFO: [ view_parse ] --START--
INFO: [ template_filter ] --START--
INFO: Run Behavior\ContentReplaceBehavior [ RunTime:0.000039s ]
INFO: [ template_filter ] --END-- [ RunTime:0.000050s ]
INFO: Run Behavior\ParseTemplateBehavior [ RunTime:0.001799s ]
INFO: [ view_parse ] --END-- [ RunTime:0.001809s ]
INFO: [ view_filter ] --START--
INFO: Run Behavior\WriteHtmlCacheBehavior [ RunTime:0.000015s ]
INFO: [ view_filter ] --END-- [ RunTime:0.000019s ]
INFO: [ app_end ] --START--
INFO: Run Behavior\ShowPageTraceBehavior [ RunTime:0.000013s ]
INFO: [ app_end ] --END-- [ RunTime:0.000020s ]

[ 2018-12-04T10:21:13+08:00 ] 192.168.220.1 /ITnet/index.php/Home/Index/Carrier?lang=cn
INFO: [ app_init ] --START--
INFO: Run Behavior\BuildLiteBehavior [ RunTime:0.000004s ]
INFO: [ app_init ] --END-- [ RunTime:0.000024s ]
INFO: [ app_begin ] --START--
INFO: Run Behavior\ReadHtmlCacheBehavior [ RunTime:0.000011s ]
INFO: [ app_begin ] --END-- [ RunTime:0.000017s ]
SQL: SHOW COLUMNS FROM `itnet_admin_nav` [ RunTime:0.0029s ]
SQL: SELECT * FROM `itnet_admin_nav` WHERE ( state=0 ) ORDER BY `order_number`,id is null,`order_number`,`id`  [ RunTime:0.0009s ]
SQL: SHOW COLUMNS FROM `itnet_case` [ RunTime:0.0025s ]
SQL: SELECT * FROM `itnet_case` WHERE ( navid=33 ) ORDER BY `order_number`  [ RunTime:0.0008s ]
SQL: SHOW COLUMNS FROM `itnet_scene` [ RunTime:0.0018s ]
SQL: SELECT * FROM `itnet_scene` WHERE `caseid` = 1 ORDER BY `order_number`  [ RunTime:0.0005s ]
SQL: SHOW COLUMNS FROM `itnet_offering` [ RunTime:0.0016s ]
SQL: SELECT * FROM `itnet_offering` WHERE ( caseid=1 )  [ RunTime:0.0012s ]
NOTIC: [8] Undefined index: name_en /var/www/html/ITnet/Application/Home/Controller/IndexController.class.php 第 146 行.
NOTIC: [2] Invalid argument supplied for foreach() /var/www/html/ITnet/Application/Home/Controller/IndexController.class.php 第 146 行.
SQL: SELECT * FROM `itnet_scene` WHERE `caseid` = 2 ORDER BY `order_number`  [ RunTime:0.0011s ]
SQL: SELECT * FROM `itnet_offering` WHERE ( caseid=2 )  [ RunTime:0.0007s ]
NOTIC: [8] Undefined index: name_en /var/www/html/ITnet/Application/Home/Controller/IndexController.class.php 第 146 行.
NOTIC: [2] Invalid argument supplied for foreach() /var/www/html/ITnet/Application/Home/Controller/IndexController.class.php 第 146 行.
SQL: SELECT * FROM `itnet_scene` WHERE `caseid` = 3 ORDER BY `order_number`  [ RunTime:0.0006s ]
SQL: SELECT * FROM `itnet_offering` WHERE ( caseid=3 )  [ RunTime:0.0006s ]
NOTIC: [8] Undefined index: name_en /var/www/html/ITnet/Application/Home/Controller/IndexController.class.php 第 146 行.
NOTIC: [2] Invalid argument supplied for foreach() /var/www/html/ITnet/Application/Home/Controller/IndexController.class.php 第 146 行.
SQL: SELECT * FROM `itnet_scene` WHERE `caseid` = 4 ORDER BY `order_number`  [ RunTime:0.0003s ]
SQL: SELECT * FROM `itnet_offering` WHERE ( caseid=4 )  [ RunTime:0.0003s ]
NOTIC: [8] Undefined index: name_en /var/www/html/ITnet/Application/Home/Controller/IndexController.class.php 第 146 行.
NOTIC: [2] Invalid argument supplied for foreach() /var/www/html/ITnet/Application/Home/Controller/IndexController.class.php 第 146 行.
SQL: SELECT * FROM `itnet_scene` WHERE `caseid` = 5 ORDER BY `order_number`  [ RunTime:0.0003s ]
SQL: SELECT * FROM `itnet_offering` WHERE ( caseid=5 )  [ RunTime:0.0003s ]
NOTIC: [8] Undefined index: name_en /var/www/html/ITnet/Application/Home/Controller/IndexController.class.php 第 146 行.
NOTIC: [2] Invalid argument supplied for foreach() /var/www/html/ITnet/Application/Home/Controller/IndexController.class.php 第 146 行.
SQL: SELECT * FROM `itnet_scene` WHERE `caseid` = 6 ORDER BY `order_number`  [ RunTime:0.0003s ]
SQL: SELECT * FROM `itnet_offering` WHERE ( caseid=6 )  [ RunTime:0.0003s ]
NOTIC: [8] Undefined index: name_en /var/www/html/ITnet/Application/Home/Controller/IndexController.class.php 第 146 行.
NOTIC: [2] Invalid argument supplied for foreach() /var/www/html/ITnet/Application/Home/Controller/IndexController.class.php 第 146 行.
SQL: SELECT * FROM `itnet_scene` WHERE `caseid` = 7 ORDER BY `order_number`  [ RunTime:0.0003s ]
SQL: SELECT * FROM `itnet_offering` WHERE ( caseid=7 )  [ RunTime:0.0003s ]
NOTIC: [8] Undefined index: name_en /var/www/html/ITnet/Application/Home/Controller/IndexController.class.php 第 146 行.
NOTIC: [2] Invalid argument supplied for foreach() /var/www/html/ITnet/Application/Home/Controller/IndexController.class.php 第 146 行.
SQL: SELECT * FROM `itnet_scene` WHERE `caseid` = 8 ORDER BY `order_number`  [ RunTime:0.0003s ]
SQL: SELECT * FROM `itnet_offering` WHERE ( caseid=8 )  [ RunTime:0.0003s ]
NOTIC: [8] Undefined index: name_en /var/www/html/ITnet/Application/Home/Controller/IndexController.class.php 第 146 行.
NOTIC: [2] Invalid argument supplied for foreach() /var/www/html/ITnet/Application/Home/Controller/IndexController.class.php 第 146 行.
SQL: SELECT * FROM `itnet_scene` WHERE `caseid` = 9 ORDER BY `order_number`  [ RunTime:0.0007s ]
SQL: SELECT * FROM `itnet_offering` WHERE ( caseid=9 )  [ RunTime:0.0003s ]
NOTIC: [8] Undefined index: name_en /var/www/html/ITnet/Application/Home/Controller/IndexController.class.php 第 146 行.
NOTIC: [2] Invalid argument supplied for foreach() /var/www/html/ITnet/Application/Home/Controller/IndexController.class.php 第 146 行.
SQL: SELECT * FROM `itnet_scene` WHERE `caseid` = 10 ORDER BY `order_number`  [ RunTime:0.0003s ]
SQL: SELECT * FROM `itnet_offering` WHERE ( caseid=10 )  [ RunTime:0.0003s ]
NOTIC: [8] Undefined index: name_en /var/www/html/ITnet/Application/Home/Controller/IndexController.class.php 第 146 行.
NOTIC: [2] Invalid argument supplied for foreach() /var/www/html/ITnet/Application/Home/Controller/IndexController.class.php 第 146 行.
SQL: SELECT * FROM `itnet_scene` WHERE `caseid` = 11 ORDER BY `order_number`  [ RunTime:0.0003s ]
SQL: SELECT * FROM `itnet_offering` WHERE ( caseid=11 )  [ RunTime:0.0006s ]
NOTIC: [8] Undefined index: name_en /var/www/html/ITnet/Application/Home/Controller/IndexController.class.php 第 146 行.
NOTIC: [2] Invalid argument supplied for foreach() /var/www/html/ITnet/Application/Home/Controller/IndexController.class.php 第 146 行.
SQL: SELECT * FROM `itnet_scene` WHERE `caseid` = 12 ORDER BY `order_number`  [ RunTime:0.0005s ]
SQL: SELECT * FROM `itnet_offering` WHERE ( caseid=12 )  [ RunTime:0.0004s ]
NOTIC: [8] Undefined index: name_en /var/www/html/ITnet/Application/Home/Controller/IndexController.class.php 第 146 行.
NOTIC: [2] Invalid argument supplied for foreach() /var/www/html/ITnet/Application/Home/Controller/IndexController.class.php 第 146 行.
SQL: SELECT * FROM `itnet_scene` WHERE `caseid` = 13 ORDER BY `order_number`  [ RunTime:0.0003s ]
SQL: SELECT * FROM `itnet_offering` WHERE ( caseid=13 )  [ RunTime:0.0002s ]
NOTIC: [8] Undefined index: name_en /var/www/html/ITnet/Application/Home/Controller/IndexController.class.php 第 146 行.
NOTIC: [2] Invalid argument supplied for foreach() /var/www/html/ITnet/Application/Home/Controller/IndexController.class.php 第 146 行.
SQL: SELECT * FROM `itnet_scene` WHERE `caseid` = 14 ORDER BY `order_number`  [ RunTime:0.0002s ]
SQL: SELECT * FROM `itnet_offering` WHERE ( caseid=14 )  [ RunTime:0.0002s ]
NOTIC: [8] Undefined index: name_en /var/www/html/ITnet/Application/Home/Controller/IndexController.class.php 第 146 行.
NOTIC: [2] Invalid argument supplied for foreach() /var/www/html/ITnet/Application/Home/Controller/IndexController.class.php 第 146 行.
SQL: SHOW COLUMNS FROM `itnet_category` [ RunTime:0.0013s ]
SQL: SELECT * FROM `itnet_category` WHERE `state` <> 1 AND `type` <> 2 ORDER BY `order_number`  [ RunTime:0.0004s ]
SQL: SELECT * FROM `itnet_category` WHERE `state` <> 1 AND `type` <> 1 ORDER BY `order_number`  [ RunTime:0.0003s ]
SQL: SHOW COLUMNS FROM `itnet_ziliao` [ RunTime:0.0004s ]
SQL: SELECT * FROM `itnet_ziliao` WHERE `cateid` = 48 AND `state` <> 1 AND `type` <> 2 ORDER BY `order_number`  [ RunTime:0.0003s ]
SQL: SELECT * FROM `itnet_ziliao` WHERE `cateid` = 47 AND `state` <> 1 AND `type` <> 2 ORDER BY `order_number`  [ RunTime:0.0007s ]
SQL: SELECT * FROM `itnet_ziliao` WHERE `cateid` = 49 AND `state` <> 1 AND `type` <> 2 ORDER BY `order_number`  [ RunTime:0.0003s ]
SQL: SELECT * FROM `itnet_ziliao` WHERE `cateid` = 34 AND `state` <> 1 AND `type` <> 2 ORDER BY `order_number`  [ RunTime:0.0003s ]
SQL: SELECT * FROM `itnet_ziliao` WHERE `cateid` = 33 AND `state` <> 1 AND `type` <> 2 ORDER BY `order_number`  [ RunTime:0.0003s ]
SQL: SELECT * FROM `itnet_ziliao` WHERE `cateid` = 35 AND `state` <> 1 AND `type` <> 2 ORDER BY `order_number`  [ RunTime:0.0003s ]
SQL: SELECT * FROM `itnet_ziliao` WHERE `cateid` = 36 AND `state` <> 1 AND `type` <> 2 ORDER BY `order_number`  [ RunTime:0.0003s ]
SQL: SELECT * FROM `itnet_ziliao` WHERE `cateid` = 37 AND `state` <> 1 AND `type` <> 2 ORDER BY `order_number`  [ RunTime:0.0003s ]
SQL: SELECT * FROM `itnet_ziliao` WHERE `cateid` = 38 AND `state` <> 1 AND `type` <> 2 ORDER BY `order_number`  [ RunTime:0.0003s ]
SQL: SELECT * FROM `itnet_ziliao` WHERE `cateid` = 39 AND `state` <> 1 AND `type` <> 2 ORDER BY `order_number`  [ RunTime:0.0003s ]
SQL: SELECT * FROM `itnet_ziliao` WHERE `cateid` = 40 AND `state` <> 1 AND `type` <> 2 ORDER BY `order_number`  [ RunTime:0.0003s ]
SQL: SELECT * FROM `itnet_ziliao` WHERE `cateid` = 41 AND `state` <> 1 AND `type` <> 2 ORDER BY `order_number`  [ RunTime:0.0003s ]
SQL: SELECT * FROM `itnet_ziliao` WHERE `cateid` = 42 AND `state` <> 1 AND `type` <> 2 ORDER BY `order_number`  [ RunTime:0.0010s ]
SQL: SELECT * FROM `itnet_ziliao` WHERE `cateid` = 43 AND `state` <> 1 AND `type` <> 2 ORDER BY `order_number`  [ RunTime:0.0003s ]
SQL: SELECT * FROM `itnet_ziliao` WHERE `cateid` = 44 AND `state` <> 1 AND `type` <> 2 ORDER BY `order_number`  [ RunTime:0.0003s ]
SQL: SELECT * FROM `itnet_ziliao` WHERE `cateid` = 45 AND `state` <> 1 AND `type` <> 2 ORDER BY `order_number`  [ RunTime:0.0003s ]
SQL: SELECT * FROM `itnet_ziliao` WHERE `cateid` = 46 AND `state` <> 1 AND `type` <> 2 ORDER BY `order_number`  [ RunTime:0.0003s ]
SQL: SELECT * FROM `itnet_ziliao` WHERE `cateid` = 50 AND `state` <> 1 AND `type` <> 2 ORDER BY `order_number`  [ RunTime:0.0003s ]
SQL: SELECT * FROM `itnet_ziliao` WHERE `cateid` = 51 AND `state` <> 1 AND `type` <> 2 ORDER BY `order_number`  [ RunTime:0.0003s ]
SQL: SELECT * FROM `itnet_ziliao` WHERE `cateid` = 52 AND `state` <> 1 AND `type` <> 2 ORDER BY `order_number`  [ RunTime:0.0003s ]
SQL: SELECT * FROM `itnet_ziliao` WHERE `cateid` = 53 AND `state` <> 1 AND `type` <> 2 ORDER BY `order_number`  [ RunTime:0.0003s ]
SQL: SELECT * FROM `itnet_ziliao` WHERE `cateid` = 54 AND `state` <> 1 AND `type` <> 2 ORDER BY `order_number`  [ RunTime:0.0003s ]
SQL: SELECT * FROM `itnet_ziliao` WHERE `cateid` = 55 AND `state` <> 1 AND `type` <> 2 ORDER BY `order_number`  [ RunTime:0.0003s ]
SQL: SELECT * FROM `itnet_ziliao` WHERE `cateid` = 56 AND `state` <> 1 AND `type` <> 2 ORDER BY `order_number`  [ RunTime:0.0003s ]
SQL: SELECT * FROM `itnet_ziliao` WHERE `cateid` = 57 AND `state` <> 1 AND `type` <> 2 ORDER BY `order_number`  [ RunTime:0.0003s ]
SQL: SELECT * FROM `itnet_ziliao` WHERE `cateid` = 58 AND `state` <> 1 AND `type` <> 2 ORDER BY `order_number`  [ RunTime:0.0003s ]
SQL: SELECT * FROM `itnet_ziliao` WHERE `cateid` = 59 AND `state` <> 1 AND `type` <> 2 ORDER BY `order_number`  [ RunTime:0.0003s ]
SQL: SELECT * FROM `itnet_ziliao` WHERE `cateid` = 14 AND `state` <> 1 AND `type` <> 2 ORDER BY `order_number`  [ RunTime:0.0003s ]
SQL: SELECT * FROM `itnet_ziliao` WHERE `cateid` = 60 AND `state` <> 1 AND `type` <> 2 ORDER BY `order_number`  [ RunTime:0.0003s ]
SQL: SELECT * FROM `itnet_ziliao` WHERE `cateid` = 61 AND `state` <> 1 AND `type` <> 2 ORDER BY `order_number`  [ RunTime:0.0003s ]
SQL: SELECT * FROM `itnet_ziliao` WHERE `cateid` = 63 AND `state` <> 1 AND `type` <> 2 ORDER BY `order_number`  [ RunTime:0.0005s ]
SQL: SELECT * FROM `itnet_ziliao` WHERE `cateid` = 32 AND `state` <> 1 AND `type` <> 2 ORDER BY `order_number`  [ RunTime:0.0003s ]
SQL: SELECT * FROM `itnet_ziliao` WHERE `cateid` = 31 AND `state` <> 1 AND `type` <> 2 ORDER BY `order_number`  [ RunTime:0.0003s ]
SQL: SELECT * FROM `itnet_ziliao` WHERE `cateid` = 30 AND `state` <> 1 AND `type` <> 2 ORDER BY `order_number`  [ RunTime:0.0003s ]
SQL: SELECT * FROM `itnet_ziliao` WHERE `cateid` = 9 AND `state` <> 1 AND `type` <> 2 ORDER BY `order_number`  [ RunTime:0.0003s ]
SQL: SELECT * FROM `itnet_ziliao` WHERE `cateid` = 10 AND `state` <> 1 AND `type` <> 2 ORDER BY `order_number`  [ RunTime:0.0003s ]
SQL: SELECT * FROM `itnet_ziliao` WHERE `cateid` = 11 AND `state` <> 1 AND `type` <> 2 ORDER BY `order_number`  [ RunTime:0.0003s ]
SQL: SELECT * FROM `itnet_ziliao` WHERE `cateid` = 12 AND `state` <> 1 AND `type` <> 2 ORDER BY `order_number`  [ RunTime:0.0003s ]
SQL: SELECT * FROM `itnet_ziliao` WHERE `cateid` = 13 AND `state` <> 1 AND `type` <> 2 ORDER BY `order_number`  [ RunTime:0.0003s ]
SQL: SELECT * FROM `itnet_ziliao` WHERE `cateid` = 15 AND `state` <> 1 AND `type` <> 2 ORDER BY `order_number`  [ RunTime:0.0003s ]
SQL: SELECT * FROM `itnet_ziliao` WHERE `cateid` = 16 AND `state` <> 1 AND `type` <> 2 ORDER BY `order_number`  [ RunTime:0.0003s ]
SQL: SELECT * FROM `itnet_ziliao` WHERE `cateid` = 17 AND `state` <> 1 AND `type` <> 2 ORDER BY `order_number`  [ RunTime:0.0003s ]
SQL: SELECT * FROM `itnet_ziliao` WHERE `cateid` = 18 AND `state` <> 1 AND `type` <> 2 ORDER BY `order_number`  [ RunTime:0.0004s ]
SQL: SELECT * FROM `itnet_ziliao` WHERE `cateid` = 20 AND `state` <> 1 AND `type` <> 2 ORDER BY `order_number`  [ RunTime:0.0011s ]
SQL: SELECT * FROM `itnet_ziliao` WHERE `cateid` = 19 AND `state` <> 1 AND `type` <> 2 ORDER BY `order_number`  [ RunTime:0.0009s ]
SQL: SELECT * FROM `itnet_ziliao` WHERE `cateid` = 29 AND `state` <> 1 AND `type` <> 2 ORDER BY `order_number`  [ RunTime:0.0003s ]
SQL: SELECT * FROM `itnet_ziliao` WHERE `cateid` = 28 AND `state` <> 1 AND `type` <> 2 ORDER BY `order_number`  [ RunTime:0.0003s ]
SQL: SELECT * FROM `itnet_ziliao` WHERE `cateid` = 27 AND `state` <> 1 AND `type` <> 2 ORDER BY `order_number`  [ RunTime:0.0005s ]
SQL: SELECT * FROM `itnet_ziliao` WHERE `cateid` = 26 AND `state` <> 1 AND `type` <> 2 ORDER BY `order_number`  [ RunTime:0.0004s ]
SQL: SELECT * FROM `itnet_ziliao` WHERE `cateid` = 22 AND `state` <> 1 AND `type` <> 2 ORDER BY `order_number`  [ RunTime:0.0004s ]
SQL: SELECT * FROM `itnet_ziliao` WHERE `cateid` = 21 AND `state` <> 1 AND `type` <> 2 ORDER BY `order_number`  [ RunTime:0.0005s ]
SQL: SELECT * FROM `itnet_ziliao` WHERE `cateid` = 1 AND `state` <> 1 AND `type` <> 2 ORDER BY `order_number`  [ RunTime:0.0003s ]
SQL: SELECT * FROM `itnet_ziliao` WHERE `cateid` = 2 AND `state` <> 1 AND `type` <> 2 ORDER BY `order_number`  [ RunTime:0.0003s ]
SQL: SELECT * FROM `itnet_ziliao` WHERE `cateid` = 3 AND `state` <> 1 AND `type` <> 2 ORDER BY `order_number`  [ RunTime:0.0002s ]
SQL: SELECT * FROM `itnet_ziliao` WHERE `cateid` = 4 AND `state` <> 1 AND `type` <> 2 ORDER BY `order_number`  [ RunTime:0.0002s ]
SQL: SELECT * FROM `itnet_ziliao` WHERE `cateid` = 5 AND `state` <> 1 AND `type` <> 2 ORDER BY `order_number`  [ RunTime:0.0002s ]
SQL: SELECT * FROM `itnet_ziliao` WHERE `cateid` = 6 AND `state` <> 1 AND `type` <> 2 ORDER BY `order_number`  [ RunTime:0.0003s ]
SQL: SELECT * FROM `itnet_ziliao` WHERE `cateid` = 7 AND `state` <> 1 AND `type` <> 2 ORDER BY `order_number`  [ RunTime:0.0003s ]
SQL: SELECT * FROM `itnet_ziliao` WHERE `cateid` = 8 AND `state` <> 1 AND `type` <> 2 ORDER BY `order_number`  [ RunTime:0.0003s ]
SQL: SELECT * FROM `itnet_ziliao` WHERE `cateid` = 48 AND `state` <> 1 AND `type` <> 1 ORDER BY `order_number`  [ RunTime:0.0004s ]
SQL: SELECT * FROM `itnet_ziliao` WHERE `cateid` = 47 AND `state` <> 1 AND `type` <> 1 ORDER BY `order_number`  [ RunTime:0.0004s ]
SQL: SELECT * FROM `itnet_ziliao` WHERE `cateid` = 49 AND `state` <> 1 AND `type` <> 1 ORDER BY `order_number`  [ RunTime:0.0004s ]
SQL: SELECT * FROM `itnet_ziliao` WHERE `cateid` = 34 AND `state` <> 1 AND `type` <> 1 ORDER BY `order_number`  [ RunTime:0.0007s ]
SQL: SELECT * FROM `itnet_ziliao` WHERE `cateid` = 33 AND `state` <> 1 AND `type` <> 1 ORDER BY `order_number`  [ RunTime:0.0008s ]
SQL: SELECT * FROM `itnet_ziliao` WHERE `cateid` = 35 AND `state` <> 1 AND `type` <> 1 ORDER BY `order_number`  [ RunTime:0.0004s ]
SQL: SELECT * FROM `itnet_ziliao` WHERE `cateid` = 36 AND `state` <> 1 AND `type` <> 1 ORDER BY `order_number`  [ RunTime:0.0003s ]
SQL: SELECT * FROM `itnet_ziliao` WHERE `cateid` = 37 AND `state` <> 1 AND `type` <> 1 ORDER BY `order_number`  [ RunTime:0.0004s ]
SQL: SELECT * FROM `itnet_ziliao` WHERE `cateid` = 38 AND `state` <> 1 AND `type` <> 1 ORDER BY `order_number`  [ RunTime:0.0003s ]
SQL: SELECT * FROM `itnet_ziliao` WHERE `cateid` = 39 AND `state` <> 1 AND `type` <> 1 ORDER BY `order_number`  [ RunTime:0.0003s ]
SQL: SELECT * FROM `itnet_ziliao` WHERE `cateid` = 40 AND `state` <> 1 AND `type` <> 1 ORDER BY `order_number`  [ RunTime:0.0003s ]
SQL: SELECT * FROM `itnet_ziliao` WHERE `cateid` = 41 AND `state` <> 1 AND `type` <> 1 ORDER BY `order_number`  [ RunTime:0.0003s ]
SQL: SELECT * FROM `itnet_ziliao` WHERE `cateid` = 42 AND `state` <> 1 AND `type` <> 1 ORDER BY `order_number`  [ RunTime:0.0003s ]
SQL: SELECT * FROM `itnet_ziliao` WHERE `cateid` = 43 AND `state` <> 1 AND `type` <> 1 ORDER BY `order_number`  [ RunTime:0.0003s ]
SQL: SELECT * FROM `itnet_ziliao` WHERE `cateid` = 44 AND `state` <> 1 AND `type` <> 1 ORDER BY `order_number`  [ RunTime:0.0003s ]
SQL: SELECT * FROM `itnet_ziliao` WHERE `cateid` = 45 AND `state` <> 1 AND `type` <> 1 ORDER BY `order_number`  [ RunTime:0.0003s ]
SQL: SELECT * FROM `itnet_ziliao` WHERE `cateid` = 46 AND `state` <> 1 AND `type` <> 1 ORDER BY `order_number`  [ RunTime:0.0003s ]
SQL: SELECT * FROM `itnet_ziliao` WHERE `cateid` = 50 AND `state` <> 1 AND `type` <> 1 ORDER BY `order_number`  [ RunTime:0.0004s ]
SQL: SELECT * FROM `itnet_ziliao` WHERE `cateid` = 51 AND `state` <> 1 AND `type` <> 1 ORDER BY `order_number`  [ RunTime:0.0003s ]
SQL: SELECT * FROM `itnet_ziliao` WHERE `cateid` = 52 AND `state` <> 1 AND `type` <> 1 ORDER BY `order_number`  [ RunTime:0.0005s ]
SQL: SELECT * FROM `itnet_ziliao` WHERE `cateid` = 53 AND `state` <> 1 AND `type` <> 1 ORDER BY `order_number`  [ RunTime:0.0006s ]
SQL: SELECT * FROM `itnet_ziliao` WHERE `cateid` = 54 AND `state` <> 1 AND `type` <> 1 ORDER BY `order_number`  [ RunTime:0.0004s ]
SQL: SELECT * FROM `itnet_ziliao` WHERE `cateid` = 55 AND `state` <> 1 AND `type` <> 1 ORDER BY `order_number`  [ RunTime:0.0014s ]
SQL: SELECT * FROM `itnet_ziliao` WHERE `cateid` = 56 AND `state` <> 1 AND `type` <> 1 ORDER BY `order_number`  [ RunTime:0.0013s ]
SQL: SELECT * FROM `itnet_ziliao` WHERE `cateid` = 57 AND `state` <> 1 AND `type` <> 1 ORDER BY `order_number`  [ RunTime:0.0003s ]
SQL: SELECT * FROM `itnet_ziliao` WHERE `cateid` = 58 AND `state` <> 1 AND `type` <> 1 ORDER BY `order_number`  [ RunTime:0.0003s ]
SQL: SELECT * FROM `itnet_ziliao` WHERE `cateid` = 59 AND `state` <> 1 AND `type` <> 1 ORDER BY `order_number`  [ RunTime:0.0003s ]
SQL: SELECT * FROM `itnet_ziliao` WHERE `cateid` = 14 AND `state` <> 1 AND `type` <> 1 ORDER BY `order_number`  [ RunTime:0.0003s ]
SQL: SELECT * FROM `itnet_ziliao` WHERE `cateid` = 60 AND `state` <> 1 AND `type` <> 1 ORDER BY `order_number`  [ RunTime:0.0003s ]
SQL: SELECT * FROM `itnet_ziliao` WHERE `cateid` = 61 AND `state` <> 1 AND `type` <> 1 ORDER BY `order_number`  [ RunTime:0.0003s ]
SQL: SELECT * FROM `itnet_ziliao` WHERE `cateid` = 63 AND `state` <> 1 AND `type` <> 1 ORDER BY `order_number`  [ RunTime:0.0003s ]
SQL: SELECT * FROM `itnet_ziliao` WHERE `cateid` = 32 AND `state` <> 1 AND `type` <> 1 ORDER BY `order_number`  [ RunTime:0.0003s ]
SQL: SELECT * FROM `itnet_ziliao` WHERE `cateid` = 31 AND `state` <> 1 AND `type` <> 1 ORDER BY `order_number`  [ RunTime:0.0003s ]
SQL: SELECT * FROM `itnet_ziliao` WHERE `cateid` = 30 AND `state` <> 1 AND `type` <> 1 ORDER BY `order_number`  [ RunTime:0.0004s ]
SQL: SELECT * FROM `itnet_ziliao` WHERE `cateid` = 9 AND `state` <> 1 AND `type` <> 1 ORDER BY `order_number`  [ RunTime:0.0007s ]
SQL: SELECT * FROM `itnet_ziliao` WHERE `cateid` = 10 AND `state` <> 1 AND `type` <> 1 ORDER BY `order_number`  [ RunTime:0.0004s ]
SQL: SELECT * FROM `itnet_ziliao` WHERE `cateid` = 11 AND `state` <> 1 AND `type` <> 1 ORDER BY `order_number`  [ RunTime:0.0003s ]
SQL: SELECT * FROM `itnet_ziliao` WHERE `cateid` = 12 AND `state` <> 1 AND `type` <> 1 ORDER BY `order_number`  [ RunTime:0.0003s ]
SQL: SELECT * FROM `itnet_ziliao` WHERE `cateid` = 13 AND `state` <> 1 AND `type` <> 1 ORDER BY `order_number`  [ RunTime:0.0003s ]
SQL: SELECT * FROM `itnet_ziliao` WHERE `cateid` = 15 AND `state` <> 1 AND `type` <> 1 ORDER BY `order_number`  [ RunTime:0.0006s ]
SQL: SELECT * FROM `itnet_ziliao` WHERE `cateid` = 16 AND `state` <> 1 AND `type` <> 1 ORDER BY `order_number`  [ RunTime:0.0009s ]
SQL: SELECT * FROM `itnet_ziliao` WHERE `cateid` = 17 AND `state` <> 1 AND `type` <> 1 ORDER BY `order_number`  [ RunTime:0.0002s ]
SQL: SELECT * FROM `itnet_ziliao` WHERE `cateid` = 18 AND `state` <> 1 AND `type` <> 1 ORDER BY `order_number`  [ RunTime:0.0003s ]
SQL: SELECT * FROM `itnet_ziliao` WHERE `cateid` = 20 AND `state` <> 1 AND `type` <> 1 ORDER BY `order_number`  [ RunTime:0.0002s ]
SQL: SELECT * FROM `itnet_ziliao` WHERE `cateid` = 19 AND `state` <> 1 AND `type` <> 1 ORDER BY `order_number`  [ RunTime:0.0002s ]
SQL: SELECT * FROM `itnet_ziliao` WHERE `cateid` = 29 AND `state` <> 1 AND `type` <> 1 ORDER BY `order_number`  [ RunTime:0.0002s ]
SQL: SELECT * FROM `itnet_ziliao` WHERE `cateid` = 28 AND `state` <> 1 AND `type` <> 1 ORDER BY `order_number`  [ RunTime:0.0003s ]
SQL: SELECT * FROM `itnet_ziliao` WHERE `cateid` = 27 AND `state` <> 1 AND `type` <> 1 ORDER BY `order_number`  [ RunTime:0.0002s ]
SQL: SELECT * FROM `itnet_ziliao` WHERE `cateid` = 26 AND `state` <> 1 AND `type` <> 1 ORDER BY `order_number`  [ RunTime:0.0002s ]
SQL: SELECT * FROM `itnet_ziliao` WHERE `cateid` = 22 AND `state` <> 1 AND `type` <> 1 ORDER BY `order_number`  [ RunTime:0.0002s ]
SQL: SELECT * FROM `itnet_ziliao` WHERE `cateid` = 21 AND `state` <> 1 AND `type` <> 1 ORDER BY `order_number`  [ RunTime:0.0003s ]
SQL: SELECT * FROM `itnet_ziliao` WHERE `cateid` = 1 AND `state` <> 1 AND `type` <> 1 ORDER BY `order_number`  [ RunTime:0.0002s ]
SQL: SELECT * FROM `itnet_ziliao` WHERE `cateid` = 2 AND `state` <> 1 AND `type` <> 1 ORDER BY `order_number`  [ RunTime:0.0002s ]
SQL: SELECT * FROM `itnet_ziliao` WHERE `cateid` = 3 AND `state` <> 1 AND `type` <> 1 ORDER BY `order_number`  [ RunTime:0.0003s ]
SQL: SELECT * FROM `itnet_ziliao` WHERE `cateid` = 4 AND `state` <> 1 AND `type` <> 1 ORDER BY `order_number`  [ RunTime:0.0002s ]
SQL: SELECT * FROM `itnet_ziliao` WHERE `cateid` = 5 AND `state` <> 1 AND `type` <> 1 ORDER BY `order_number`  [ RunTime:0.0002s ]
SQL: SELECT * FROM `itnet_ziliao` WHERE `cateid` = 6 AND `state` <> 1 AND `type` <> 1 ORDER BY `order_number`  [ RunTime:0.0002s ]
SQL: SELECT * FROM `itnet_ziliao` WHERE `cateid` = 7 AND `state` <> 1 AND `type` <> 1 ORDER BY `order_number`  [ RunTime:0.0002s ]
SQL: SELECT * FROM `itnet_ziliao` WHERE `cateid` = 8 AND `state` <> 1 AND `type` <> 1 ORDER BY `order_number`  [ RunTime:0.0002s ]
SQL: SHOW COLUMNS FROM `itnet_video` [ RunTime:0.0010s ]
NOTIC: [8] Only variables should be passed by reference /var/www/html/ITnet/ThinkPHP/Library/Think/Db/Driver.class.php 第 769 行.
SQL: SELECT * FROM `itnet_video` WHERE ( cateid=60 ) ORDER BY `order_number`,`state` desc  [ RunTime:0.0002s ]
NOTIC: [8] Only variables should be passed by reference /var/www/html/ITnet/ThinkPHP/Library/Think/Db/Driver.class.php 第 769 行.
SQL: SELECT * FROM `itnet_video` WHERE ( cateid=61 ) ORDER BY `order_number`,`state` desc  [ RunTime:0.0002s ]
INFO: [ view_parse ] --START--
INFO: [ template_filter ] --START--
INFO: Run Behavior\ContentReplaceBehavior [ RunTime:0.000076s ]
INFO: [ template_filter ] --END-- [ RunTime:0.000099s ]
INFO: Run Behavior\ParseTemplateBehavior [ RunTime:0.018327s ]
INFO: [ view_parse ] --END-- [ RunTime:0.018352s ]
INFO: [ view_filter ] --START--
INFO: Run Behavior\WriteHtmlCacheBehavior [ RunTime:0.000046s ]
INFO: [ view_filter ] --END-- [ RunTime:0.000053s ]
INFO: [ app_end ] --START--
INFO: Run Behavior\ShowPageTraceBehavior [ RunTime:0.000023s ]
INFO: [ app_end ] --END-- [ RunTime:0.000036s ]

